<?xml version="1.0" encoding="UTF-8"?>
<testng-results skipped="0" failed="0" ignored="0" total="1" passed="1">
  <reporter-output>
  </reporter-output>
  <suite name="Default suite" duration-ms="51383" started-at="2021-08-12T13:24:38 IST" finished-at="2021-08-12T13:25:29 IST">
    <groups>
    </groups>
    <test name="Default test" duration-ms="51383" started-at="2021-08-12T13:24:38 IST" finished-at="2021-08-12T13:25:29 IST">
      <class name="com.test.testcases.HomePageTest">
        <test-method status="PASS" signature="initializeTest()[pri:0, instance:com.test.testcases.HomePageTest@7a1ebcd8]" name="initializeTest" is-config="true" duration-ms="15" started-at="2021-08-12T13:24:38 IST" finished-at="2021-08-12T13:24:38 IST">
          <reporter-output>
          </reporter-output>
        </test-method> <!-- initializeTest -->
        <test-method status="PASS" signature="initializeDriver()[pri:0, instance:com.test.testcases.HomePageTest@7a1ebcd8]" name="initializeDriver" is-config="true" duration-ms="13616" started-at="2021-08-12T13:24:38 IST" finished-at="2021-08-12T13:24:52 IST">
          <reporter-output>
          </reporter-output>
        </test-method> <!-- initializeDriver -->
        <test-method status="PASS" signature="beforeClass()[pri:0, instance:com.test.testcases.HomePageTest@7a1ebcd8]" name="beforeClass" is-config="true" duration-ms="0" started-at="2021-08-12T13:24:52 IST" finished-at="2021-08-12T13:24:52 IST">
          <reporter-output>
          </reporter-output>
        </test-method> <!-- beforeClass -->
        <test-method status="PASS" signature="mobileRechargeTest()[pri:0, instance:com.test.testcases.HomePageTest@7a1ebcd8]" name="mobileRechargeTest" duration-ms="37676" started-at="2021-08-12T13:24:52 IST" finished-at="2021-08-12T13:25:29 IST">
          <reporter-output>
          </reporter-output>
        </test-method> <!-- mobileRechargeTest -->
      </class> <!-- com.test.testcases.HomePageTest -->
    </test> <!-- Default test -->
  </suite> <!-- Default suite -->
</testng-results>
